Sat Mar 12 17:30:34 HSP 2022: 
 exercises.c | 2 +-
 1 file changed, 1 insertion(+), 1 deletion(-)
In file included from test.c:5:0:
exercises.c: In function 'suma':
exercises.c:15:5: error: assignment makes pointer from integer without a cast [-Werror=int-conversion]
    c= a+b;
     ^
cc1.exe: all warnings being treated as errors
Compilation failed
c9a03e3
Sat Mar 12 17:31:50 HSP 2022: 
In file included from test.c:5:0:
exercises.c: In function 'suma':
exercises.c:15:5: error: assignment makes pointer from integer without a cast [-Werror=int-conversion]
    c= a+b;
     ^
cc1.exe: all warnings being treated as errors
Compilation failed
44fffee
Sat Mar 12 17:32:33 HSP 2022: 
In file included from test.c:5:0:
exercises.c: In function 'suma':
exercises.c:15:6: error: assignment makes pointer from integer without a cast [-Werror=int-conversion]
    c = a+b;
      ^
cc1.exe: all warnings being treated as errors
Compilation failed
50b9694
Sat Mar 12 17:34:27 HSP 2022: 
In file included from test.c:5:0:
exercises.c: In function 'suma':
exercises.c:15:6: error: assignment makes pointer from integer without a cast [-Werror=int-conversion]
    c = a + b;
      ^
cc1.exe: all warnings being treated as errors
Compilation failed
335a667
Sat Mar 12 17:35:35 HSP 2022: 
 exercises.c | 2 +-
 1 file changed, 1 insertion(+), 1 deletion(-)
 tests:  1|6
total_score: 10/70
b0f8814
Sat Mar 12 18:31:11 HSP 2022: 
 exercises.c | 5 +++++
 1 file changed, 5 insertions(+)
 tests:  1|6
total_score: 10/70
9f8ed5e
Sat Mar 12 18:32:08 HSP 2022: 
 exercises.c | 2 +-
 1 file changed, 1 insertion(+), 1 deletion(-)
 tests:  2|5
total_score: 20/70
7c60ea1
Sat Mar 12 18:34:11 HSP 2022: 
 exercises.c | 2 +-
 1 file changed, 1 insertion(+), 1 deletion(-)
 tests:  2|5
total_score: 20/70
5719c1b
Sat Mar 12 18:41:04 HSP 2022: 
 exercises.c | 5 +++--
 1 file changed, 3 insertions(+), 2 deletions(-)
In file included from test.c:5:0:
exercises.c: In function 'crearPersona':
exercises.c:62:25: error: request for member 'nombre' in something not a structure or union
    strcpy(humano->nombre.nombre);
                         ^
exercises.c:62:4: error: too few arguments to function 'strcpy'
    strcpy(humano->nombre.nombre);
    ^~~~~~
In file included from test.c:3:0:
c:\mingw\include\string.h:79:40: note: declared here
 _CRTIMP __cdecl __MINGW_NOTHROW  char *strcpy (char *, const char *);
                                        ^~~~~~
In file included from test.c:5:0:
exercises.c:63:1: error: control reaches end of non-void function [-Werror=return-type]
 }
 ^
cc1.exe: all warnings being treated as errors
Compilation failed
830b6d5
Sat Mar 12 18:41:50 HSP 2022: 
 exercises.c | 2 ++
 1 file changed, 2 insertions(+)
In file included from test.c:5:0:
exercises.c: In function 'crearPersona':
exercises.c:62:25: error: request for member 'nombre' in something not a structure or union
    strcpy(humano->nombre.nombre);
                         ^
exercises.c:62:4: error: too few arguments to function 'strcpy'
    strcpy(humano->nombre.nombre);
    ^~~~~~
In file included from test.c:3:0:
c:\mingw\include\string.h:79:40: note: declared here
 _CRTIMP __cdecl __MINGW_NOTHROW  char *strcpy (char *, const char *);
                                        ^~~~~~
In file included from test.c:5:0:
exercises.c:63:22: error: request for member 'rut' in something not a structure or union
    strcpy(humano->rut.rut);
                      ^
exercises.c:63:4: error: too few arguments to function 'strcpy'
    strcpy(humano->rut.rut);
    ^~~~~~
In file included from test.c:3:0:
c:\mingw\include\string.h:79:40: note: declared here
 _CRTIMP __cdecl __MINGW_NOTHROW  char *strcpy (char *, const char *);
                                        ^~~~~~
In file included from test.c:5:0:
exercises.c:65:1: error: control reaches end of non-void function [-Werror=return-type]
 }
 ^
cc1.exe: all warnings being treated as errors
Compilation failed
24bf02d
Sat Mar 12 18:46:25 HSP 2022: 
 exercises.c | 3 ++-
 1 file changed, 2 insertions(+), 1 deletion(-)
In file included from test.c:5:0:
exercises.c: In function 'crearPersona':
exercises.c:62:25: error: request for member 'nombre' in something not a structure or union
    strcpy(humano->nombre.nombre);
                         ^
exercises.c:62:4: error: too few arguments to function 'strcpy'
    strcpy(humano->nombre.nombre);
    ^~~~~~
In file included from test.c:3:0:
c:\mingw\include\string.h:79:40: note: declared here
 _CRTIMP __cdecl __MINGW_NOTHROW  char *strcpy (char *, const char *);
                                        ^~~~~~
In file included from test.c:5:0:
exercises.c:63:22: error: request for member 'rut' in something not a structure or union
    strcpy(humano->rut.rut);
                      ^
exercises.c:63:4: error: too few arguments to function 'strcpy'
    strcpy(humano->rut.rut);
    ^~~~~~
In file included from test.c:3:0:
c:\mingw\include\string.h:79:40: note: declared here
 _CRTIMP __cdecl __MINGW_NOTHROW  char *strcpy (char *, const char *);
                                        ^~~~~~
Compilation failed
f2c0da4
Sat Mar 12 18:47:34 HSP 2022: 
 exercises.c | 2 +-
 1 file changed, 1 insertion(+), 1 deletion(-)
In file included from test.c:5:0:
exercises.c: In function 'crearPersona':
exercises.c:62:25: error: request for member 'nombre' in something not a structure or union
    strcpy(humano->nombre.nombre);
                         ^
exercises.c:62:4: error: too few arguments to function 'strcpy'
    strcpy(humano->nombre.nombre);
    ^~~~~~
In file included from test.c:3:0:
c:\mingw\include\string.h:79:40: note: declared here
 _CRTIMP __cdecl __MINGW_NOTHROW  char *strcpy (char *, const char *);
                                        ^~~~~~
In file included from test.c:5:0:
exercises.c:63:22: error: request for member 'rut' in something not a structure or union
    strcpy(humano->rut.rut);
                      ^
exercises.c:63:4: error: too few arguments to function 'strcpy'
    strcpy(humano->rut.rut);
    ^~~~~~
In file included from test.c:3:0:
c:\mingw\include\string.h:79:40: note: declared here
 _CRTIMP __cdecl __MINGW_NOTHROW  char *strcpy (char *, const char *);
                                        ^~~~~~
Compilation failed
e3d77c1
Sat Mar 12 18:48:05 HSP 2022: 
 exercises.c | 2 +-
 1 file changed, 1 insertion(+), 1 deletion(-)
In file included from test.c:5:0:
exercises.c: In function 'crearPersona':
exercises.c:62:26: error: request for member 'nombre' in something not a structure or union
    *strcpy(humano->nombre.nombre);
                          ^
exercises.c:62:5: error: too few arguments to function 'strcpy'
    *strcpy(humano->nombre.nombre);
     ^~~~~~
In file included from test.c:3:0:
c:\mingw\include\string.h:79:40: note: declared here
 _CRTIMP __cdecl __MINGW_NOTHROW  char *strcpy (char *, const char *);
                                        ^~~~~~
In file included from test.c:5:0:
exercises.c:63:22: error: request for member 'rut' in something not a structure or union
    strcpy(humano->rut.rut);
                      ^
exercises.c:63:4: error: too few arguments to function 'strcpy'
    strcpy(humano->rut.rut);
    ^~~~~~
In file included from test.c:3:0:
c:\mingw\include\string.h:79:40: note: declared here
 _CRTIMP __cdecl __MINGW_NOTHROW  char *strcpy (char *, const char *);
                                        ^~~~~~
Compilation failed
9e8fc3b
Sat Mar 12 18:48:29 HSP 2022: 
 exercises.c | 2 +-
 1 file changed, 1 insertion(+), 1 deletion(-)
In file included from test.c:5:0:
exercises.c: In function 'crearPersona':
exercises.c:62:26: error: request for member 'nombre' in something not a structure or union
    *strcpy(humano->nombre.nombre);
                          ^
exercises.c:62:5: error: too few arguments to function 'strcpy'
    *strcpy(humano->nombre.nombre);
     ^~~~~~
In file included from test.c:3:0:
c:\mingw\include\string.h:79:40: note: declared here
 _CRTIMP __cdecl __MINGW_NOTHROW  char *strcpy (char *, const char *);
                                        ^~~~~~
In file included from test.c:5:0:
exercises.c:63:23: error: request for member 'rut' in something not a structure or union
    *strcpy(humano->rut.rut);
                       ^
exercises.c:63:5: error: too few arguments to function 'strcpy'
    *strcpy(humano->rut.rut);
     ^~~~~~
In file included from test.c:3:0:
c:\mingw\include\string.h:79:40: note: declared here
 _CRTIMP __cdecl __MINGW_NOTHROW  char *strcpy (char *, const char *);
                                        ^~~~~~
Compilation failed
e17a4ed
Sat Mar 12 18:58:05 HSP 2022: 
 exercises.c | 4 ++--
 1 file changed, 2 insertions(+), 2 deletions(-)
In file included from test.c:5:0:
exercises.c: In function 'crearPersona':
exercises.c:62:4: error: value computed is not used [-Werror=unused-value]
    *strcpy(humano -> nombre,nombre);
    ^~~~~~~~~~~~~~~~~~~~~~~~~~~~~~~~
exercises.c:63:4: error: value computed is not used [-Werror=unused-value]
    *strcpy(humano -> rut,rut);
    ^~~~~~~~~~~~~~~~~~~~~~~~~~
cc1.exe: all warnings being treated as errors
Compilation failed
3909d11
Sat Mar 12 18:58:22 HSP 2022: 
 exercises.c | 4 ++--
 1 file changed, 2 insertions(+), 2 deletions(-)
 tests:  3|4
total_score: 30/70
62d6866
Sat Mar 12 22:23:58 HSP 2022: 
 exercises.c | 2 +-
 1 file changed, 1 insertion(+), 1 deletion(-)
In file included from test.c:5:0:
exercises.c: In function 'asignarValor':
exercises.c:91:5: error: 'Vector {aka struct <anonymous>}' has no member named 'dato'; did you mean 'datos'?
    v->dato[i]=valor;
     ^~
Compilation failed
f521dbf
Sat Mar 12 22:24:07 HSP 2022: 
 exercises.c | 2 +-
 1 file changed, 1 insertion(+), 1 deletion(-)
 tests:  3|4
total_score: 30/70
84ae48e
Sat Mar 12 22:25:39 HSP 2022: 
 exercises.c | 2 +-
 1 file changed, 1 insertion(+), 1 deletion(-)
 tests:  5|3
total_score: 40/70
139e8e4
Sun Mar 13 14:32:22 HSP 2022: 
 exercises.c | 9 ++++++++-
 1 file changed, 8 insertions(+), 1 deletion(-)
In file included from test.c:5:0:
exercises.c: In function 'crearVector':
exercises.c:82:4: error: unknown type name 'vector'
    vector *vectorNuevo;
    ^~~~~~
exercises.c:83:19: error: 'vector' undeclared (first use in this function)
    vectorNuevo = (vector*) malloc(sizeof*(vector));
                   ^~~~~~
exercises.c:83:19: note: each undeclared identifier is reported only once for each function it appears in
exercises.c:83:26: error: expected expression before ')' token
    vectorNuevo = (vector*) malloc(sizeof*(vector));
                          ^
exercises.c:84:16: error: request for member 'datos' in something not a structure or union
    vectorNuevo -> datos = (datos*) malloc(sizeof(datos));
                ^~
exercises.c:84:28: error: 'datos' undeclared (first use in this function)
    vectorNuevo -> datos = (datos*) malloc(sizeof(datos));
                            ^~~~~
exercises.c:84:34: error: expected expression before ')' token
    vectorNuevo -> datos = (datos*) malloc(sizeof(datos));
                                  ^
exercises.c:85:16: error: request for member 'capacidad' in something not a structure or union
    vectorNuevo -> capacidad = n;
                ^~
exercises.c:89:11: error: return from incompatible pointer type [-Werror=incompatible-pointer-types]
    return vectorNuevo;
           ^~~~~~~~~~~
cc1.exe: all warnings being treated as errors
Compilation failed
74d957a
Sun Mar 13 14:33:12 HSP 2022: 
 exercises.c | 4 ++--
 1 file changed, 2 insertions(+), 2 deletions(-)
In file included from test.c:5:0:
exercises.c: In function 'crearVector':
exercises.c:83:50: error: expected expression before ')' token
    vectorNuevo = (Vector*) malloc(sizeof*(Vector));
                                                  ^
exercises.c:84:28: error: 'datos' undeclared (first use in this function)
    vectorNuevo -> datos = (datos*) malloc(sizeof(datos));
                            ^~~~~
exercises.c:84:28: note: each undeclared identifier is reported only once for each function it appears in
exercises.c:84:34: error: expected expression before ')' token
    vectorNuevo -> datos = (datos*) malloc(sizeof(datos));
                                  ^
Compilation failed
ed26463
Sun Mar 13 14:33:57 HSP 2022: 
 exercises.c | 2 +-
 1 file changed, 1 insertion(+), 1 deletion(-)
In file included from test.c:5:0:
exercises.c: In function 'crearVector':
exercises.c:84:28: error: 'datos' undeclared (first use in this function)
    vectorNuevo -> datos = (datos*) malloc(sizeof(datos));
                            ^~~~~
exercises.c:84:28: note: each undeclared identifier is reported only once for each function it appears in
exercises.c:84:34: error: expected expression before ')' token
    vectorNuevo -> datos = (datos*) malloc(sizeof(datos));
                                  ^
Compilation failed
a9ed112
Sun Mar 13 14:43:33 HSP 2022: 
 exercises.c | 2 +-
 1 file changed, 1 insertion(+), 1 deletion(-)
In file included from test.c:5:0:
exercises.c: In function 'crearVector':
exercises.c:84:19: error: expected identifier before '(' token
    vectorNuevo -> (int*) calloc(n,sizeof(int));
                   ^
Compilation failed
133082a
Sun Mar 13 14:44:18 HSP 2022: 
 exercises.c | 2 +-
 1 file changed, 1 insertion(+), 1 deletion(-)
 tests:  6|2
total_score: 50/70
ce94ed2
Sun Mar 13 15:23:58 HSP 2022: 
 exercises.c | 2 ++
 1 file changed, 2 insertions(+)
 tests:  6|2
total_score: 50/70
c6f1bbf
Sun Mar 13 16:28:57 HSP 2022: 
 exercises.c | 2 +-
 1 file changed, 1 insertion(+), 1 deletion(-)
 tests:  7|1
total_score: 60/70
1122c43
Sun Mar 13 16:52:02 HSP 2022: 
 exercises.c | 1 +
 1 file changed, 1 insertion(+)
 tests:  7|1
total_score: 60/70
d9db9d3
Sun Mar 13 16:53:58 HSP 2022: 
 exercises.c | 2 +-
 1 file changed, 1 insertion(+), 1 deletion(-)
 tests:  7|1
total_score: 60/70
8c6a982
Sun Mar 13 16:56:27 HSP 2022: 
 exercises.c | 2 +-
 1 file changed, 1 insertion(+), 1 deletion(-)
 tests:  8|0
total_score: 70/70
68e87e2
